[0m11:42:39.195910 [debug] [MainThread]: Sending event: {'category': 'dbt', 'action': 'invocation', 'label': 'start', 'context': [<snowplow_tracker.self_describing_json.SelfDescribingJson object at 0x000001640CD1BD70>, <snowplow_tracker.self_describing_json.SelfDescribingJson object at 0x000001640DDE0E00>, <snowplow_tracker.self_describing_json.SelfDescribingJson object at 0x000001640DEC3920>]}


============================== 11:42:39.307206 | 738ecf6b-b4c4-423d-8fbf-fc38d1818ca9 ==============================
[0m11:42:39.307206 [info ] [MainThread]: Running with dbt=1.9.2
[0m11:42:39.308199 [debug] [MainThread]: running dbt with arguments {'printer_width': '80', 'indirect_selection': 'eager', 'write_json': 'True', 'log_cache_events': 'False', 'partial_parse': 'True', 'cache_selected_only': 'False', 'profiles_dir': 'C:\\Users\\Bruno\\.dbt', 'debug': 'False', 'warn_error': 'None', 'log_path': 'logs', 'version_check': 'True', 'fail_fast': 'False', 'use_colors': 'True', 'use_experimental_parser': 'False', 'empty': 'None', 'quiet': 'False', 'no_print': 'None', 'warn_error_options': 'WarnErrorOptions(include=[], exclude=[])', 'introspect': 'True', 'invocation_command': 'dbt init', 'static_parser': 'True', 'target_path': 'None', 'log_format': 'default', 'send_anonymous_usage_stats': 'True'}
[0m11:43:53.576908 [debug] [MainThread]: Starter project path: C:\Users\Bruno\AppData\Local\pypoetry\Cache\virtualenvs\projeto-atencao-basica-municipio-P9KnEv4C-py3.12\Lib\site-packages\dbt\include\starter_project
[0m11:43:53.603691 [info ] [MainThread]: 
Your new dbt project "datawarehouse" was created!

For more information on how to configure the profiles.yml file,
please consult the dbt documentation here:

  https://docs.getdbt.com/docs/configure-your-profile

One more thing:

Need help? Don't hesitate to reach out to us via GitHub issues or on Slack:

  https://community.getdbt.com/

Happy modeling!

[0m11:43:53.604684 [info ] [MainThread]: Setting up your profile.
[0m11:46:46.216382 [info ] [MainThread]: Profile datawarehouse written to C:\Users\Bruno\.dbt\profiles.yml using target's profile_template.yml and your supplied values. Run 'dbt debug' to validate the connection.
[0m11:46:46.217374 [debug] [MainThread]: Command `dbt init` succeeded at 11:46:46.217374 after 247.14 seconds
[0m11:46:46.218390 [debug] [MainThread]: Sending event: {'category': 'dbt', 'action': 'invocation', 'label': 'end', 'context': [<snowplow_tracker.self_describing_json.SelfDescribingJson object at 0x000001640DB766F0>, <snowplow_tracker.self_describing_json.SelfDescribingJson object at 0x000001640FC8D400>, <snowplow_tracker.self_describing_json.SelfDescribingJson object at 0x000001640DE2D370>]}
[0m11:46:46.218390 [debug] [MainThread]: Flushing usage events
[0m11:46:46.849245 [debug] [MainThread]: An error was encountered while trying to flush usage events
[0m11:49:46.875506 [debug] [MainThread]: Sending event: {'category': 'dbt', 'action': 'invocation', 'label': 'start', 'context': [<snowplow_tracker.self_describing_json.SelfDescribingJson object at 0x0000020349C74C80>, <snowplow_tracker.self_describing_json.SelfDescribingJson object at 0x000002034EE305C0>, <snowplow_tracker.self_describing_json.SelfDescribingJson object at 0x000002034EE30620>]}


============================== 11:49:46.881516 | a1fe4cf3-737f-477b-9aae-263ac86e3745 ==============================
[0m11:49:46.881516 [info ] [MainThread]: Running with dbt=1.9.2
[0m11:49:46.882512 [debug] [MainThread]: running dbt with arguments {'printer_width': '80', 'indirect_selection': 'eager', 'log_cache_events': 'False', 'write_json': 'True', 'partial_parse': 'True', 'cache_selected_only': 'False', 'warn_error': 'None', 'version_check': 'True', 'fail_fast': 'False', 'log_path': 'logs', 'debug': 'False', 'profiles_dir': 'C:\\Users\\Bruno\\.dbt', 'use_colors': 'True', 'use_experimental_parser': 'False', 'empty': 'None', 'quiet': 'False', 'no_print': 'None', 'log_format': 'default', 'introspect': 'True', 'invocation_command': 'dbt debug', 'warn_error_options': 'WarnErrorOptions(include=[], exclude=[])', 'target_path': 'None', 'static_parser': 'True', 'send_anonymous_usage_stats': 'True'}
[0m11:49:46.977999 [info ] [MainThread]: dbt version: 1.9.2
[0m11:49:46.978999 [info ] [MainThread]: python version: 3.12.1
[0m11:49:46.980002 [info ] [MainThread]: python path: C:\Users\Bruno\AppData\Local\pypoetry\Cache\virtualenvs\projeto-atencao-basica-municipio-P9KnEv4C-py3.12\Scripts\python.exe
[0m11:49:46.980002 [info ] [MainThread]: os info: Windows-10-10.0.19045-SP0
[0m11:49:47.053605 [info ] [MainThread]: Using profiles dir at C:\Users\Bruno\.dbt
[0m11:49:47.054607 [info ] [MainThread]: Using profiles.yml file at C:\Users\Bruno\.dbt\profiles.yml
[0m11:49:47.055602 [info ] [MainThread]: Using dbt_project.yml file at C:\Users\Bruno\Desktop\projetos_engenharia\projeto_atencao_basica_municipio\dbt_project.yml
[0m11:49:47.055602 [error] [MainThread]: Encountered an error:
Internal Error
  Profile should not be None if loading profile completed
[0m11:49:47.056601 [debug] [MainThread]: Command `dbt debug` failed at 11:49:47.056601 after 0.33 seconds
[0m11:49:47.057603 [debug] [MainThread]: Sending event: {'category': 'dbt', 'action': 'invocation', 'label': 'end', 'context': [<snowplow_tracker.self_describing_json.SelfDescribingJson object at 0x000002034F728800>, <snowplow_tracker.self_describing_json.SelfDescribingJson object at 0x000002034FACFF20>, <snowplow_tracker.self_describing_json.SelfDescribingJson object at 0x000002034F9C9B80>]}
[0m11:49:47.057603 [debug] [MainThread]: Flushing usage events
[0m11:49:47.755009 [debug] [MainThread]: An error was encountered while trying to flush usage events
[0m13:07:49.474611 [debug] [MainThread]: Sending event: {'category': 'dbt', 'action': 'invocation', 'label': 'start', 'context': [<snowplow_tracker.self_describing_json.SelfDescribingJson object at 0x0000028B97D568D0>, <snowplow_tracker.self_describing_json.SelfDescribingJson object at 0x0000028B97D567E0>, <snowplow_tracker.self_describing_json.SelfDescribingJson object at 0x0000028B97D56AE0>]}


============================== 13:07:49.474611 | 3f96c31f-830f-412a-b95f-85440140c889 ==============================
[0m13:07:49.474611 [info ] [MainThread]: Running with dbt=1.9.2
[0m13:07:49.474611 [debug] [MainThread]: running dbt with arguments {'printer_width': '80', 'indirect_selection': 'eager', 'write_json': 'True', 'log_cache_events': 'False', 'partial_parse': 'True', 'cache_selected_only': 'False', 'warn_error': 'None', 'debug': 'False', 'profiles_dir': 'C:\\Users\\Bruno\\.dbt', 'log_path': 'logs', 'fail_fast': 'False', 'version_check': 'True', 'use_colors': 'True', 'use_experimental_parser': 'False', 'no_print': 'None', 'quiet': 'False', 'empty': 'None', 'warn_error_options': 'WarnErrorOptions(include=[], exclude=[])', 'invocation_command': 'dbt debug', 'introspect': 'True', 'static_parser': 'True', 'target_path': 'None', 'log_format': 'default', 'send_anonymous_usage_stats': 'True'}
[0m13:07:49.522375 [info ] [MainThread]: dbt version: 1.9.2
[0m13:07:49.537556 [info ] [MainThread]: python version: 3.12.1
[0m13:07:49.538564 [info ] [MainThread]: python path: C:\Users\Bruno\AppData\Local\pypoetry\Cache\virtualenvs\projeto-atencao-basica-municipio-P9KnEv4C-py3.12\Scripts\python.exe
[0m13:07:49.539562 [info ] [MainThread]: os info: Windows-10-10.0.19045-SP0
[0m13:07:49.589403 [info ] [MainThread]: Using profiles dir at C:\Users\Bruno\.dbt
[0m13:07:49.589403 [info ] [MainThread]: Using profiles.yml file at C:\Users\Bruno\.dbt\profiles.yml
[0m13:07:49.589403 [info ] [MainThread]: Using dbt_project.yml file at C:\Users\Bruno\Desktop\projetos_engenharia\projeto_atencao_basica_municipio\dbt_project.yml
[0m13:07:49.589403 [info ] [MainThread]: adapter type: postgres
[0m13:07:49.589403 [info ] [MainThread]: adapter version: 1.9.0
[0m13:07:49.589403 [info ] [MainThread]: Configuration:
[0m13:07:49.589403 [info ] [MainThread]:   profiles.yml file [[32mOK found and valid[0m]
[0m13:07:49.589403 [info ] [MainThread]:   dbt_project.yml file [[31mERROR not found[0m]
[0m13:07:49.589403 [info ] [MainThread]: Required dependencies:
[0m13:07:49.601908 [debug] [MainThread]: Executing "git --help"
[0m13:07:49.608386 [debug] [MainThread]: STDOUT: "b"usage: git [-v | --version] [-h | --help] [-C <path>] [-c <name>=<value>]\n           [--exec-path[=<path>]] [--html-path] [--man-path] [--info-path]\n           [-p | --paginate | -P | --no-pager] [--no-replace-objects] [--no-lazy-fetch]\n           [--no-optional-locks] [--no-advice] [--bare] [--git-dir=<path>]\n           [--work-tree=<path>] [--namespace=<name>] [--config-env=<name>=<envvar>]\n           <command> [<args>]\n\nThese are common Git commands used in various situations:\n\nstart a working area (see also: git help tutorial)\n   clone      Clone a repository into a new directory\n   init       Create an empty Git repository or reinitialize an existing one\n\nwork on the current change (see also: git help everyday)\n   add        Add file contents to the index\n   mv         Move or rename a file, a directory, or a symlink\n   restore    Restore working tree files\n   rm         Remove files from the working tree and from the index\n\nexamine the history and state (see also: git help revisions)\n   bisect     Use binary search to find the commit that introduced a bug\n   diff       Show changes between commits, commit and working tree, etc\n   grep       Print lines matching a pattern\n   log        Show commit logs\n   show       Show various types of objects\n   status     Show the working tree status\n\ngrow, mark and tweak your common history\n   backfill   Download missing objects in a partial clone\n   branch     List, create, or delete branches\n   commit     Record changes to the repository\n   merge      Join two or more development histories together\n   rebase     Reapply commits on top of another base tip\n   reset      Reset current HEAD to the specified state\n   switch     Switch branches\n   tag        Create, list, delete or verify a tag object signed with GPG\n\ncollaborate (see also: git help workflows)\n   fetch      Download objects and refs from another repository\n   pull       Fetch from and integrate with another repository or a local branch\n   push       Update remote refs along with associated objects\n\n'git help -a' and 'git help -g' list available subcommands and some\nconcept guides. See 'git help <command>' or 'git help <concept>'\nto read about a specific subcommand or concept.\nSee 'git help git' for an overview of the system.\n""
[0m13:07:49.608386 [debug] [MainThread]: STDERR: "b''"
[0m13:07:49.620805 [info ] [MainThread]:  - git [[32mOK found[0m]

[0m13:07:49.622749 [info ] [MainThread]: Connection:
[0m13:07:49.622749 [info ] [MainThread]:   host: localhost
[0m13:07:49.623759 [info ] [MainThread]:   port: 5432
[0m13:07:49.624757 [info ] [MainThread]:   user: postgres
[0m13:07:49.624757 [info ] [MainThread]:   database: projeto_saude
[0m13:07:49.625757 [info ] [MainThread]:   schema: public
[0m13:07:49.626785 [info ] [MainThread]:   connect_timeout: 10
[0m13:07:49.626785 [info ] [MainThread]:   role: None
[0m13:07:49.627834 [info ] [MainThread]:   search_path: None
[0m13:07:49.627834 [info ] [MainThread]:   keepalives_idle: 0
[0m13:07:49.627834 [info ] [MainThread]:   sslmode: None
[0m13:07:49.627834 [info ] [MainThread]:   sslcert: None
[0m13:07:49.627834 [info ] [MainThread]:   sslkey: None
[0m13:07:49.627834 [info ] [MainThread]:   sslrootcert: None
[0m13:07:49.627834 [info ] [MainThread]:   application_name: dbt
[0m13:07:49.632916 [info ] [MainThread]:   retries: 1
[0m13:07:49.633925 [info ] [MainThread]: Registered adapter: postgres=1.9.0
[0m13:07:49.825175 [debug] [MainThread]: Acquiring new postgres connection 'debug'
[0m13:07:49.866042 [debug] [MainThread]: Using postgres connection "debug"
[0m13:07:49.866042 [debug] [MainThread]: On debug: select 1 as id
[0m13:07:49.866042 [debug] [MainThread]: Opening a new connection, currently in state init
[0m13:07:49.913716 [debug] [MainThread]: SQL status: SELECT 1 in 0.037 seconds
[0m13:07:49.914716 [debug] [MainThread]: On debug: Close
[0m13:07:49.915714 [info ] [MainThread]:   Connection test: [[32mOK connection ok[0m]

[0m13:07:49.916716 [info ] [MainThread]: [31m1 check failed:[0m
[0m13:07:49.918031 [info ] [MainThread]: Project loading failed for the following reason:
 project path <C:\Users\Bruno\Desktop\projetos_engenharia\projeto_atencao_basica_municipio\dbt_project.yml> not found

[0m13:07:49.919561 [debug] [MainThread]: Command `dbt debug` failed at 13:07:49.919561 after 0.57 seconds
[0m13:07:49.920324 [debug] [MainThread]: Connection 'debug' was properly closed.
[0m13:07:49.920324 [debug] [MainThread]: Sending event: {'category': 'dbt', 'action': 'invocation', 'label': 'end', 'context': [<snowplow_tracker.self_describing_json.SelfDescribingJson object at 0x0000028B953765A0>, <snowplow_tracker.self_describing_json.SelfDescribingJson object at 0x0000028B98248830>, <snowplow_tracker.self_describing_json.SelfDescribingJson object at 0x0000028B97B3A600>]}
[0m13:07:49.920324 [debug] [MainThread]: Flushing usage events
[0m13:07:50.543281 [debug] [MainThread]: An error was encountered while trying to flush usage events
